[    0.000000] Initializing cgroup subsys cpuset
[    0.000000] Initializing cgroup subsys cpu
[    0.000000] Inializing cgroup subsys cpuacct
[   0.00000] Lnuversion 4.4.0-93-generic (buildd@lgw01-03) (gcc version 5.4.20160609 (Ubuntu 5.4.0-ubntu11604) ) 11-Ubutu SMPri Ag 11 21:1751 UTC 2017 (Ubuntu 4.4.0-93.116-generic 4.4.79)
[    0.000000] Command lne: BOT_IGE=/ot/vmlinuz.4.0-93-generic root=LABEL=lodimgootfsro console=tty1 console=ttyS0
[    0.000000] KERNEL supported cpus:
[    0.000000]   Intel GenuineIntel
[    0.00000   AMDuthenticAMD
[    0.000000]   Centaur CentaurHauls
[    0.000000] x86/fpu: Legacy x87 FPU detected.
[    0.000000] x86/fpu: Using 'lazy' FPU context switches.
[    0.000000] e820: BIOS-provided physical RAM map:
[    0.000000] BIOS-e820: [mem 0x0000000000000000-0x000000000009fbff] usable
[    0.000000] BIOS-e820: [mem 0x000000000009fc00-0x000000000009ffff] reserved
[    0.000000] BIOS-e820: [mem 0x00000000000f0000-0x00000000000fffff] reserved
[    0.000000] BIOS-e820: [mem 0x0000000000100000-0x000000003ffeffff] usable
[    0.000000] BIOS-e820: [mem 0x000000003fff0000-0x000000003fffffff] ACPI data
[    0.000000] BIOS-e820: [mem 0x00000000fffc0000-0x00000000ffffffff] reserved
[    0.000000] NX (Execute Disable) protection: active
[    0.000000] SMBIOS 2.5 present.
[    0.000000] e820: last_pfn = 0x3fff0 max_arch_pfn = 0x400000000
[    0.000000] MTRR: Disabled
[    0.000000] x86/PAT: MTRRs disabled, skipping PAT initialization too.
[    0.000000] CPU MTRRs all blank - virtualized system.
[    0.000000] x86/PAT: Configuration [0-7]: WB  WT  UC- UC  WB  WT  UC- UC  
[    0.000000] found SMP MP-table at [mem 0x0009fff0-0x0009ffff] mapped at [ffff88000009fff0]
[    0.000000] Scanning 1 areas for low memory corruption
[    0.000000] RAMDISK: [mem 0x36ac4000-0x37559fff]
[    0.000000] ACPI: Early table checksum verification disabled
[    0.000000] ACPI: RSDP 0x00000000000E0000 000024 (v02 VBOX  )
[    0.000000] ACPI: XSDT 0x000000003FFF0030 00003C (v01 VBOX   VBOXXSDT 00000001 ASL  00000061)
[    0.000000] ACPI: FACP 0x000000003FFF00F0 0000F4 (v04 VBOX   VBOXFACP 00000001 ASL  00000061)
[    0.000000] ACPI: DSDT 0x000000003FFF0470 001BF1 (v01 VBOX   VBOXBIOS 00000002 INTL 20100528)
[    0.000000] ACPI: FACS 0x000000003FFF0200 000040
[    0.000000] ACPI: FACS 0x000000003FFF0200 000040
[    0.000000] ACPI: APIC 0x000000003FFF0240 00005C (v02 VBOX   VBOXAPIC 00000001 ASL  00000061)
[    0.000000] ACPI: SSDT 0x000000003FFF02A0 0001CC (v01 VBOX   VBOXCPUT 00000002 INTL 20100528)
[    0.000000] No NUMA configuration found
[    0.000000] Faking a node at [mem 0x0000000000000000-0x000000003ffeffff]
[    0.000000] NODE_DATA(0) allocated [mem 0x3ffeb000-0x3ffeffff]
[    0.000000] Zone ranges:
[    0.000000]   DMA      [mem 0x0000000000001000-0x0000000000ffffff]
[    0.000000]   DMA32    [mem 0x0000000001000000-0x000000003ffeffff]
[    0.000000]   Normal   empty
[    0.000000]   Device   empty
[    0.000000] Movable zone start for each node
[    0.000000] Early memory node ranges
[    0.000000]   node   0: [mem 0x0000000000001000-0x000000000009efff]
[    0.000000]   node   0: [mem 0x0000000000100000-0x000000003ffeffff]
[    0.000000] Initmem setup node 0 [mem 0x0000000000001000-0x000000003ffeffff]
[    0.000000] ACPI: PM-Timer IO Port: 0x4008
[    0.000000] IOAPIC[0]: apic_id 2, version 17, address 0xfec00000, GSI 0-23
[    0.000000] ACPI: INT_SRC_OVR (bus 0 bus_irq 0 global_irq 2 dfl dfl)
[    0.000000] ACPI: INT_SRC_OVR (bus 0 bus_irq 9 global_irq 9 high level)
[    0.000000] Using ACPI (MADT) for SMP configuration information
[    0.000000] smpboot: Allowing 2 CPUs, 0 hotplug CPUs
[    0.000000] PM: Registered nosave memory: [mem 0x00000000-0x00000fff]
[    0.000000] PM: Registered nosave memory: [mem 0x0009f000-0x0009ffff]
[    0.000000] PM: Registered nosave memory: [mem 0x000a0000-0x000effff]
[    0.000000] PM: Registered nosave memory: [mem 0x000f000-0x000fffff]
[    0.000000] e820: [mem 0x40000000-0xfffbffff] available for PCI devices
[    0.000000]Bootinparairtualed kern on ar hardware
[    0.000000] clocksource: refined-jiffies: mask: 0xffffffff maxx_cycles: 0xffffffff, max_idle_ns: 7645519600211568 ns
[    0.000000] setup_percpu: NR_CPUS:512 nr_cpumask_bits:512 nr_cpu_ids:2 nr_node_ids:1
[    0.000000] PERCPU: Embedded 34 pages/cpu @ffff88003fc00000 s98328 r8192 d32744 u1048576
[    0.000000] Built 1 zonelists in Node order, mobility grouping on.  Total pages: 257913
[    0.000000] Policy zone: DMA32
[    0.000000] Kernel command line: BOOT_IMAGE=/boot/vmlinuz-4.4.0-93-genericroot=LBEL=cloudimg-rootfs ro console=tty1 console=ttyS0
[    0.000000] PID hash table entries: 4096 (order: 3, 32768 bytes)
[    0.000000] Memory: 1001760K/1048120K available (8479K kernel code, 1294K rwdata, 3984K rodata, 1492K init, 1316K bss, 46360K reserved, 0K cma-reserved)
[    0.000000] SLUB: HWalign=64, Order=0-3, MinObjects=0, CPUs=2, Nodes=1
[    0.000000] Hierarchical RCU implementation.
[    0.000000] 	Build-time adjustment of leaf fanout to 64.
[    0.000000] 	RCU restricting CPUs from NR_CPUS=512 to nr_cpu_ids=2.
[    0.000000] RCU: Adjusting geometry for rcu_fanout_leaf=64, nr_cpu_ids=2
[    0.000000] NR_IRQS:33024 nr_irqs:440 16
[    0.000000] Console: colour VGA+ 80x25
[    0.000000] console [tty1] enabled
[    0.000000] console [ttyS0] enabled

[    0.000000] tsc: Unable to calibrate against PIT
[    0.000000] tsc: using PMTIMER reference calibration
[    0.000000] tsc: Detected 2394.857 MHz processor
[    0.020044] Calibrating delay loop (skipped), value calculated using timer frequency.. 4789.71 BogoMIPS (lpj=9579428)
[    0.024028] pid_max: default: 32768 minimum: 301
[    0.028036] ACPI: Core revision 20150930
[    0.033165] ACPI: 2 ACPI AML tables successfully acquired and loaded
[    0.036041] Security Framework initialized
[    0.037147] Yama: becoming mindful.
[    0.038163] AppArmor: AppArmor initialized
[    0.039447] Dentry cache hash table entries: 131072 (order: 8, 1048576 bytes)
[    0.040394] Inode-cache hash table entries: 65536 (order: 7, 524288 bytes)
[    0.045216] Mount-cache hash table entries: 2048 (order: 2, 16384 bytes)
[    0.048032] Mountpoint-cache hash table entries: 2048 (order: 2, 16384 bytes)
[    0.052354] Initializing cgroup subsys io
[    0.056031] Initializing cgroup subsys memory
[    0.057189] Initializing cgroup subsys devices
[    0.058358] Initializing cgroup subsys freezer
[    0.060031] Initializing cgroup subsys net_cls
[    0.064040] Initializing cgroup subsys perf_event
[    0.065694] Initializing cgroup subsys net_prio
[    0.068042] Initializing cgroup subsys hugetlb
[    0.069306] Initializing cgroup subsys pids
[    0.070648] CPU: Physical Processor ID: 0
[    0.072017] CPU: Processor Core ID: 0
[    0.073036] mce: CPU supports 0 MCE banks
[    0.074155] Last level iTLB entries: 4KB 512, 2MB 8, 4MB 8
[    0.076016] Last level dTLB entries: 4KB 512, 2MB 32, 4MB 32, 1GB 0
[    0.081760] Freeing SMP alternatives memory: 32K (ffffffff820ba000 - ffffffff820c2000)
[    0.100893] ftrace: allocating 32136 entries in 126 pages
[    0.116950] smpboot: APIC(0) Converting physical 0 to logical package 0
[    0.120023] smpboot: Max logical packages: 1
[    0.125654] ..TIMER: vector=0x30 apic1=0 pin1=2 apic2=-1 pin2=-1
[    0.176000] smpboot: CPU0: Intel(R) Core(TM) i3-3110M CPU @ 2.40GHz (family: 0x6, model: 0x3a, stepping: 0x9)
[    0.176000] Performance Events: unsupported p6 CPU model 58 no PMU driver, software events only.
[    0.181384] NMI watchdog: disabled (cpu0): hardware events not enabled
[    0.184010] NMI watchdog: Shutting down hard lockup detector on all cpus
[    0.188051] x86: Booting SMP configuration:
[    0.192017] .... node  #0, CPUs:      #1
[    0.024000] mce: CPU supports 0 MCE banks
[    0.204061] x86: Booted up 1 node, 2 CPUs
[    0.205637] smpboot: Total of 2 processors activated (9579.42 BogoMIPS)
[    0.209284] devtmpfs: initialized
[    0.218143] evm: security.selinux
[    0.218908] evm: security.SMACK64
[    0.219929] evm: security.SMACK64EXEC
[    0.220010] evm: security.SMACK64TRANSMUTE
[    0.221824] evm: security.SMACK64MMAP
[    0.224010] evm: security.ima
[    0.224941] evm: security.capability
[    0.232334] clocksource: jiffies: mask: 0xffffffff max_cycles: 0xffffffff, max_idle_ns: 7645041785100000 ns
[    0.234850] futex hash table entries: 512 (order: 3, 32768 bytes)
[    0.237427] pinctrl core: initialized pinctrl subsystem
[    0.244224] RTC time:  9:26:38, date: 09/15/17
[    0.245720] NET: Registered protocol family 16
[    0.256029] cpuidle: using governor ladder
[    0.272248] cpuidle: using governor menu
[    0.275565] PCCT header not found.
[    0.278659] ACPI: bus type PCI registered
[    0.279941] acpiphp: ACPI Hot Plug PCI Controller Driver version: 0.5
[    0.282705] PCI: Using configuration type 1 for base access
[    0.296334] ACPI: Added _OSI(Module Device)
[    0.300994] ACPI: Added _OSI(Processor Device)
[    0.304016] ACPI: Added _OSI(3.0 _SCP Extensions)
[    0.305237] ACPI: Added _OSI(Processor Aggregator Device)
[    0.308748] ACPI: Executed 1 blocks of module-level executable AML code
[    0.322995] ACPI: Interpreter enabled
[    0.324042] ACPI: (supports S0 S5)
[    0.328039] ACPI: Using IOAPIC for interrupt routing
[    0.329556] PCI: Using host bridge windows from ACPI; if necessary, use "pci=nocrs" and report a bug
[    0.334941] ACPI: PCI Root Bridge [PCI0] (domain 0000 [bus 00-ff])
[    0.336041] acpi PNP0A03:00: _OSC: OS supports [ASPM ClockPM Segments MSI]
[    0.338478] acpi PNP0A03:00: _OSC failed (AE_NOT_FOUND); disabling ASPM
[    0.340030] acpi PNP0A03:00: fail to add MMCONFIG information, can't access extended PCI configuration space under this bridge.
[    0.344452] PCI host bridge to bus 0000:00
[    0.345444] pci_bus 0000:00: root bus resource [io  0x0000-0x0cf7 window]
[    0.350118] pci_bus 0000:00: root bus resource [io  0x0d00-0xffff window]
[    0.352037] pci_bus 0000:00: root bus resource [mem 0x000a0000-0x000bffff window]
[    0.356027] pci_bus 0000:00: root bus resource [mem 0x40000000-0xffdfffff window]
[    0.360026] pci_bus 0000:00: root bus resource [bus 00-ff]
[    0.366968] pci 0000:00:01.1: legacy IDE quirk: reg 0x10: [io  0x01f0-0x01f7]
[    0.368019] pci 0000:00:01.1: legacy IDE quirk: reg 0x14: [io  0x03f6]
[    0.370168] pci 0000:00:01.1: legacy IDE quirk: reg 0x18: [io  0x0170-0x0177]
[    0.374851] pci 0000:00:01.1: legacy IDE quirk: reg 0x1c: [io  0x0376]
[    0.428978] ACPI: PCI Interrupt Link [LNKA] (IRQs 5 9 10 11) *0, disabled.
[    0.433953] ACPI: PCI Interrupt Link [LNKB] (IRQs 5 9 10 *11)
[    0.437298] ACPI: PCI Interrupt Link [LNKC] (IRQs 5 9 *10 11)
[    0.441269] ACPI: PCI Interrupt Link [LNKD] (IRQs 5 *9 10 11)
[    0.444220] ACPI: Enabled 2 GPEs in block 00 to 07
[    0.446058] vgaarb: setting as boot device: PCI:0000:00:02.0
[    0.446058] vgaarb: device added: PCI:0000:00:02.0,decodes=io+mem,owns=io+mem,locks=none
[    0.448020] vgaarb: loaded
[    0.448667] vgaarb: bridge control possible 0000:00:02.0
[    0.454124] SCSI subsystem initialized
[    0.456188] ACPI: bus type USB registered
[    0.460069] usbcore: registered new interface driver usbfs
[    0.464045] usbcore: registered new interface driver hub
[    0.465495] usbcore: registered new device driver usb
[    0.468252] PCI: Using ACPI for IRQ routing
[    0.472442] NetLabel: Initializing
[    0.473489] NetLabel:  domain hash size = 128
[    0.476014] NetLabel:  protocols = UNLABELED CIPSOv4
[    0.480035] NetLabel:  unlabeled traffic allowed by default
[    0.488125] amd_nb: Cannot enumerate AMD northbridges
[    0.496139] clocksource: Switched to clocksource refined-jiffies
[    0.514785] AppArmor: AppArmor Filesystem Enabled
[    0.516101] pnp: PnP ACPI init
[    0.517981] pnp: PnP ACPI: found 4 devices
[    0.534639] clocksource: acpi_pm: mask: 0xffffff max_cycles: 0xffffff, max_idle_ns: 2085701024 ns
[    0.536095] clocksource: Switched to clocksource acpi_pm
[    0.537850] NET: Registered protocol family 2
[    0.545649] TCP established hash table entries: 8192 (order: 4, 65536 bytes)
[    0.547975] TCP bind hash table enris:8192 (order: 5, 13102 byte
    1.051131] TCP: Hash tables configured (established 8192 bind 8192)
[    1.123275] UDP hash table entries: 512 (order: 2, 16384 bytes)
[    1.125179] UDP-Lite hash table entries: 512 (order: 2, 16384 bytes)
[    1.127216] NET: Registered protocol family 1
[    1.128742] pci 0000:00:00.0: Limiting direct PCI/PCI transfers
[    1.130810] pci 0000:00:01.0: Activating ISA DMA hang workarounds
[  11350] npckng initramfs...

[    4.303974] Freeing initrd memory: 10840K (ffff880036ac4000 - ffff88003755a000)
[    4.307807] RAPL PMU detected, API unit is 2^-32 Joules, 3 fixed counters 10737418240 ms ovfl timer
[    4.316893] hw unit of domain pp0-core 2^-0 Joules
[    4.319266] hw unit of domain package 2^-0 Joules
[    4.320530] hw unit of domain pp1-gpu 2^-0 Joules
[    4.332153] platform rtc_cmos: registered platform RTC device (no PNP device found)
[    4.368160] Scanning for low memory corruption every 60 seconds
[    4.370469] audit: initializing netlink subsys (disabled)
[    4.373332] audit: type=2000 audit(1505467599.371:1): initialized
[    4.375244] Initialise system trusted keyring
[    4.377587] HugeTLB registered 2 MB page size, pre-allocated 0 pages
[    4.388593] zbud: loaded
[    4.390027] VFS: Disk quotas dquot_6.6.0
[    4.400002] VFS: Dquot-cache hash table entries: 512 (order 0, 4096 bytes)
[    4.403783] squashfs: version 4.0 (2009/01/31) Phillip Lougher
[    4.406789] fuse init (API version 7.23)
[    4.408453] Key type big_key registered
[    4.410008] Allocating IMA MOK and blacklist keyrings.
[    4.416994] Key type asymmetric registered
[    4.418363] Asymmetric key parser 'x509' registered
[    4.456912] Block layer SCSI generic (bsg) driver version 0.4 loaded (major 249)
[    4.459217] io scheduler noop registered
[    4.460395] io scheduler deadline registered (default)
[    4.461751] io scheduler cfq registered
[    4.463016] pci_hotplug: PCI Hot Plug PCI Core version: 0.5
[    4.465126] pciehp: PCI Express Hot Plug Controller Driver version: 0.4
[    4.472884] ACPI: AC Adapter [AC] (on-line)
[    4.474558] input: Power Button as /devices/LNXSYSTM:00/LNXPWRBN:00/input/input0
[    4.486459] ACPI: Power Button [PWRF]
[    4.493234] input: Sleep Button as /devices/LNXSYSTM:00/LNXSLPBN:00/input/input1
[    4.495193] ACPI: Sleep Button [SLPF]
[    4.497802] GHES: HEST is not enabled!
[    4.501134] Serial: 8250/16550 driver, 32 ports, IRQ sharing enabled
[    4.525999] 00:03: ttyS0 at I/O 0x3f8 (irq = 4, base_baud = 115200) is a 16550A
[    4.592579] Linux agpgart interface v0.103
[    4.619449] loop: module loaded
[    4.629101] scsi host0: ata_piix
[    4.631899] scsi host1: ata_piix
[    4.633557] ata1: PATA max UDMA/33 cmd 0x1f0 ctl 0x3f6 bmdma 0xd000 irq 14
[    4.670226] ata2: PATA max UDMA/33 cmd 0x170 ctl 0x376 bmdma 0xd008 irq 15
[    4.671984] libphy: Fixed MDIO Bus: probed
[    4.684914] tun: Universal TUN/TAP device driver, 1.6
[    4.686179] tun: (C) 1999-2004 Max Krasnyansky <maxk@qualcomm.com>
[    4.688116] PPP generic driver version 2.4.2
[    4.689871] ehci_hcd: USB 2.0 'Enhanced' Host Controller (EHCI) Driver
[    4.752729] ehci-pci: EHCI PCI platform driver
[    4.788153] ehci-platform: EHCI generic platform driver
[    4.789917] ohci_hcd: USB 1.1 'Open' Host Controller (OHCI) Driver
[    4.791472] ohci-pci: OHCI PCI platform driver
[    4.792690] ohci-platform: OHCI generic platform driver
[    4.794008] uhci_hcd: USB Universal Host Controller Interface driver
[    4.829089] i8042: PNP: PS/2 Controller [PNP0303:PS2K,PNP0f03:PS2M] at 0x60,0x64 irq 1,12
[   .932] serio: i8042 KBD port at 0x60,0x64 irq 1
[    5.274210] serio: i8042 AUX port at 0x60,0x64 irq 12

[    5.276790] mousedev: PS/2 mouse device common for all mice
[    5.279511] input: AT Translated Set 2 keyboard as /devices/platform/i8042/serio0/input/input2
[    5.283862] rtc_cmos rtc_cmos: rtc core: registered rtc_cmos as rtc0
[    5.287787] rtc_cmos rtc_cmos: alarms up to one day, 114 bytes nvram
[    5.297402] i2c /dev entries driver
[    5.298680] device-mapper: uevent: version 1.0.3
[    5.300408] device-mapper: ioctl: 4.34.0-ioctl (2015-10-28) initialised: dm-devel@redhat.com
[    5.325506] ledtrig-cpu: registered to indicate activity on CPUs
[    5.328399] NET: Registered protocol family 10
[    5.329947] NET: Registered protocol family 17
[    5.331159] Key type dns_resolver registered
[    5.338576] tsc: Refined TSC clocksource calibration: 2394.919 MHz
[    5.347549] clocksource: tsc: mask: 0xffffffffffffffff max_cycles: 0x2285776ce5d, max_idle_ns: 440795225055 ns
[    5.348734] microcode: CPU0 sig=0x306a9, pf=0x2, revision=0x19
[    5.351492] microcode: CPU1 sig=0x306a9, pf=0x2, revision=0x19
[    5.377716] microcode: Microcode Update Driver: v2.01 <tigran@aivazian.fsnet.co.uk>, Peter Oruba
[    5.377937] registered taskstats version 1
[    5.377959] Loading compiled-in X.509 certificates
[    5.380292] Loaded X.509 cert 'Build time autogenerated kernel key: a6f98c496ad22cf23b77f8fe21ff88c41791cbd4'
[    5.380341] zswap: loaded using pool lzo/zbud
[    5.382614] Key type trusted registered
[    5.386440] Key type encrypted registered
[    5.386449] AppArmor: AppArmor sha1 policy hashing enabled
[    5.386456] ima: No TPM chip found, activating TPM-bypass!
[    5.386481] evm: HMAC attrs: 0x1
[    5.386955]   Magic number: 1:473:424
[    5.422575] rtc_cmos rtc_cmos: setting system clock to 2017-09-15 09:26:43 UTC (1505467603)
[    5.422894] BIOS EDD facility v0.16 2004-Jun-25, 0 devices found
[    5.422899] EDD information not available.
[    5.469518] Freeing unused kernel memory: 1492K (ffffffff81f45000 - ffffffff820ba000)
[    5.475145] Write protecting the kernel read-only data: 14336k
[    5.495314] Freeing unused kernel memory: 1748K (ffff88000184b000 - ffff880001a00000)
[    5.500100] Freeing unused kernel memory: 112K (ffff880001de4000 - ffff880001e00000)
Loading, please wait...
starting version[    5.526682] random: systemd-udevd: uninitialized urandom read (16 bytes read, 3 bits of entropy available)
 229
[    5.527736] random: udevadm: uninitialized urandom read (16 bytes read, 3 bits of entropy available)
[    5.527795] random: udevadm: uninitialized urandom read (16 bytes read, 3 bits of entropy available)
[    5.528246] random: udevadm: uninitialized urandom read (16 bytes read, 3 bits of entropy available)
[    5.528371] random: udevadm: uninitialized urandom read (16 bytes read, 3 bits of entropy available)
[    5.528494] random: udevadm: uninitialized urandom read (16 bytes read, 3 bits of entropy available)
[    5.528631] random: udevadm: uninitialized urandom read (16 bytes read, 3 bits of entropy available)
[    5.528711] random: udevadm: uninitialized urandom read (16 bytes read, 3 bits of entropy available)
[    5.528778] random: udevadm: uninitialized urandom read (16 bytes read, 3 bits of entropy available)
[    5.528853] random: udevadm: uninitialized urandom read (16 bytes read, 3 bits of entropy available)
[    5.601199] e1000: Intel(R) PRO/1000 Network Driver - version 7.3.21-k8-NAPI
[    5.607623] e1000: Copyright (c) 1999-2006 Intel Corporation.
[    5.619052] Fusion MPT base driver 3.04.20
[    5.626873] Copyright (c) 1999-2008 LSI Corporation
[    5.637642] Fusion MPT SPI Host driver 3.04.20
[    5.846067] input: ImExPS/2 Generic Explorer Mouse as /devices/platform/i8042/serio1/input/input4
[    6.045783] e1000 0000:00:03.0 eth0: (PCI:33MHz:32-bit) 02:04:e4:df:e4:d8
[    6.056110] e1000 0000:00:03.0 eth0: Intel(R) PRO/1000 Network Connection
[    6.478465] clocksource: Switched to clocksource tsc
[    6.547481] e1000 0000:00:08.0 eth1: (PCI:33MHz:32-bit) 08:00:27:3c:42:80
[    6.572006] e1000 0000:00:08.0 eth1: Intel(R) PRO/1000 Network Connection
[    6.586376] mptbase: ioc0: Initiating bringup
[    6.587591] e1000 0000:00:08.0 enp0s8: renamed from eth1
[    6.620548] e1000 0000:00:03.0 enp0s3: renamed from eth0
[    6.676590] ioc0: LSI53C1030 A0: Capabilities={Initiator}
[    6.854907] scsi host2: ioc0: LSI53C1030 A0, FwRev=00000000h, Ports=1, MaxQ=256, IRQ=20
[    6.969447] scsi 2:0:0:0: Direct-Access     VBOX     HARDDISK         1.0  PQ: 0 ANSI: 5
[    7.003051] scsi target2:0:0: Beginning Domain Validation
[    7.036896] scsi target2:0:0: Domain Validation skipping write tests
[    7.062906] scsi target2:0:0: Ending Domain Validation
[    7.064195] scsi target2:0:0: asynchronous
[    7.066149] scsi 2:0:1:0: Direct-Access     VBOX     HARDDISK         1.0  PQ: 0 ANSI: 5
[    7.068400] scsi target2:0:1: Beginning Domain Validation
[    7.072215] scsi target2:0:1: Domain Validation skipping write tests
[    7.805620] scsi target2:0:1: Ending Domain Validation
[    7.807542] scsi target2:0:1: asynchronous
[    7.820650] sd 2:0:0:0: [sda] 20971520 512-byte logical blocks: (10.7 GB/10.0 GiB)
[    7.824832] sd 2:0:0:0: [sda] Write Protect is off
[    7.828079] sd 2:0:0:0: [sda] Incomplete mode parameter data
[    7.828202] sd 2:0:0:0: Attached scsi generic sg0 type 0
[    7.833080] sd 2:0:1:0: Attached scsi generic sg1 type 0
[    7.833405] sd 2:0:1:0: [sdb] 20480 512-byte logical blocks: (10.5 MB/10.0 MiB)
[    7.833665] sd 2:0:1:0: [sdb] Write Protect is off
[    7.833814] sd 2:0:1:0: [sdb] Incomplete mode parameter data
[    7.833818] sd 2:0:1:0: [sdb] Assuming drive cache: write through
[    7.865611] sd 2:0:0:0: [sda] Assuming drive cache: write through
[    7.892538]  sda: sda1
[    7.893673] sd 2:0:1:0: [sdb] Attached SCSI disk
[    7.902922] sd 2:0:0:0: [sda] Attached SCSI disk
[    8.624001] floppy0: no floppy controllers found
Begin: Loading essential drivers ... [   10.215512] md: linear personality registered for level -1
[   10.224638] md: multipath personality registered for level -4
[   10.231551] md: raid0 personality registered for level 0
[   10.247044] md: raid1 personality registered for level 1
[   10.328059] raid6: sse2x1   gen()  5787 MB/s
[   10.404064] raid6: sse2x1   xor()  4352 MB/s
[   10.488063] raid6: sse2x2   gen()  7149 MB/s
[   10.564062] raid6: sse2x2   xor()  5225 MB/s
[   10.644064] raid6: sse2x4   gen()  8813 MB/s
[   10.720063] raid6: sse2x4   xor()  6409 MB/s
[   10.727093] raid6: using algorithm sse2x4 gen() 8813 MB/s
[   10.728999] raid6: .... xor() 6409 MB/s, rmw enabled
[   10.730627] raid6: using ssse3x2 recovery algorithm
[   10.752098] xor: measuring software checksum speed
[   10.792057]    prefetch64-sse: 13616.000 MB/sec
[   10.840141]    generic_sse: 12268.000 MB/sec
[   10.841611] xor: using function: prefetch64-sse (13616.000 MB/sec)
[   10.851771] async_tx: api initialized (async)
[   10.865756] md: raid6 personality registered for level 6
[   10.873811] md: raid5 personality registered for level 5
[   10.875204] md: raid4 personality registered for level 4
[   10.884383] md: raid10 personality registered for level 10
done.
Begin: Running /scripts/init-premount ... done.
Begin: Mounting root file system ... Begin: Running /scripts/local-top ... done.
Begin: Running /scripts/local-premount ... [   10.933114] Btrfs loaded
Scanning for Btrfs filesystems
done.
Warning: fsck not present, so skipping root file system
[   11.153364] EXT4-fs (sda1): mounted filesystem with ordered data mode. Opts: (null)
done.
Begin: Running /scripts/local-bottom ... done.
Begin: Running /scripts/init-bottom ... done.
[   11.835969] random: nonblocking pool is initialized
[   12.350895] systemd[1]: systemd 229 running in system mode. (+PAM +AUDIT +SELINUX +IMA +APPARMOR +SMACK +SYSVINIT +UTMP +LIBCRYPTSETUP +GCRYPT +GNUTLS +ACL +XZ -LZ4 +SECCOMP +BLKID +ELFUTILS +KMOD -IDN)
[   12.362311] systemd[1]: Detected virtualization oracle.
[   12.363669] systemd[1]: Detected architecture x86-64.

Welcome to [1mUbuntu 16.04.3 LTS[0m!

[   12.417580] systemd[1]: Set hostname to <ubuntu>.
[  147645] systemd[1]: Initializing machine ID from random generator.
[   12.805877] systemd[1]: Installed transient /etc/machine-id file.
[   14.187505] systemd[1]: Listening on Journal Socket.
[[0;32m  OK  [0m] Listening on Journal Socket.
[   14.230849] systemd[1]: Reached target Encrypted Volumes.
[[0;32m  OK  [0m] Reached target Encrypted Volumes.
[   14.234815] systemd[1]: Listening on LVM2 metadata daemon socket.
[[0;32m  OK  [0m] Listening on LVM2 metadata daemon socket.
[   14.239964] systemd[1]: Listening on Journal Audit Socket.
[[0;32m  OK  [0m] Listening on Journal Audit Socket.
[   14.278371] systemd[1]: Listening on LVM2 poll daemon socket.
[[0;32m  OK  [0m] Listening on LVM2 poll daemon socket.
[   14.282913] systemd[1]: Listening on udev Kernel Socket.
[[0;32m  OK  [0m] Listening on udev Kernel Socket.
[   14.287159] systemd[1]: Started Trigger resolvconf update for networkd DNS.
[[0;32m  OK  [0m] Started Trigger resolvconf update for networkd DNS.
[   14.316549] systemd[1]: Created slice System Slice.
[[0;32m  OK  [0m] Created slice System Slice.
[   14.336262] systemd[1]: Starting Nameserver information manager...
         Starting Nameserver information manager...
[   14.343630] systemd[1]: Mounting Huge Pages File System...
         Mounting Huge Pages File System...
[   14.350443] systemd[1]: Starting Uncomplicated firewall...
         Starting Uncomplicated firewall...
[   14.384453] systemd[1]: Starting Create list of required static device nodes for the current kernel...
         Starting Create list of required st... nodes for the current kernel...
[   14.396761] systemd[1]: Listening on Syslog Socket.
[[0;32m  OK  [0m] Listening on Syslog Socket.
[   14.411974] systemd[1]: Started Forward Password Requests to Wall Directory Watch.
[[0;32m  OK  [0m] Started Forward Password Requests to Wall Directory Watch.
[   14.440271] systemd[1]: Mounting POSIX Message Queue File System...
         Mounting POSIX Message Queue File System...
[   14.444882] systemd[1]: Listening on Device-mapper event daemon FIFOs.
[[0;32m  OK  [0m] Listening on Device-mapper event daemon FIFOs.
[   14.449935] systemd[1]: Listening on udev Control Socket.
[[0;32m  OK  [0m] Listening on udev Control Socket.
[   14.454613] systemd[1]: Listening on /dev/initctl Compatibility Named Pipe.
[[0;32m  OK  [0m] Listening on /dev/initctl Compatibility Named Pipe.
[   14.463092] systemd[1]: Starting Set console keymap...
         Starting Set console keymap...
[   14.548793] systemd[1]: Starting Load Kernel Modules...
         Starting Load Kernel Modules...
[   14.553953] systemd[1]: Starting Monitoring of LVM2 mirrors, snapshots etc. using dmeventd or progress polling...
         Starting Monitoring of LVM2 mirrors... dmeventd or progress polling...
[   14.560657] systemd[1]: Reached target User and Group Name Lookups.
[[0;32m  OK  [0m] Reached target User and Group Name Lookups.
[   14.565553] systemd[1]: Listening on Journal Socket (/dev/log).
[[0;32m  OK  [0m] Listening on Journal Socket (/dev/log).
[   14.582804] systemd[1]: Starting Journal Service...
         Starting Journal Service...
[   14.592391] systemd[1]: Created slice User and Session Slice.
[[0;32m  OK  [0m] Created slice User and Session Slice.
[   14.621232] systemd[1]: Reached target Slices.
[[0;32m  OK  [0m] Reached target Slices.
[   14.660387] systemd[1]: Starting Remount Root and Kernel File Systems...
         Starting Remount Root and Kernel File Systems...
[   14.680307] systemd[1]: Mounting Debug File System...
         Mounting Debug File System...
[   14.700354] systemd[1]: Reached target Swap.
[[0;32m  OK  [0m] Reached target Swap.
[   14.703111] systemd[1]: Set up automount Arbitrary Executable File Formats File System Automount Point.
[[0;32m  OK  [0m] Set up automount Arbitrary Executab...ats File System Automount Point.
[   14.754096] EXT4-fs (sda1): re-mounted. Opts: (null)
[   14.975262] systemd[1]: Created slice system-serial\x2dgetty.slice.
[[0;32m  OK  [0m] Created slice system-serial\x2dgetty.slice.
[   15.074485] systemd[1]: Mounted Huge Pages File System.
[[0;32m  OK  [0m] Mounted Huge Pages File System.
[   15.080168] systemd[1]: Mounted POSIX Message Queue File System.
[[0;32m  OK  [0m] Mounted POSIX Message Queue File System.
[   15.100315] systemd[1]: Mounted Debug File System.
[[0;32m  OK  [0m] Mounted Debug File System.
[   15.105783] systemd[1]: Started Uncomplicated firewall.
[[0;32m  OK  [0m] Started Uncomplicated firewall.
[   15.111692] systemd[1]: Started Create list of required static device nodes for the current kernel.
[[0;32m  OK  [0m] Started Create list of required sta...ce nodes for the current kernel.
[   15.137989] systemd[1]: Started Set console keymap.
[[0;32m  OK  [0m] Started Set console keymap.
[   15.142245] systemd[1]: Started Remount Root and Kernel File Systems.
[[0;32m  OK  [0m] Started Remount Root and Kernel File Systems.
[   15.174024] Loading iSCSI transport class v2.0-870.
[   15.208371] systemd[1]: Starting Initial cloud-init job (pre-networking)...
         Starting Initial cloud-init job (pre-networking)...
[   15.375329] iscsi: registered transport (tcp)
[   15.440447] systemd[1]: Starting udev Coldplug all Devices...
         Starting udev Coldplug all Devices...
[   15.446275] systemd[1]: Starting Load/Save Random Seed...
         Starting Load/Save Random Seed...
[   15.459522] systemd[1]: Starting Create Static Device Nodes in /dev...
         Starting Create Static Device Nodes in /dev...
[   15.468505] systemd[1]: Started Nameserver information manager.
[[0;32m  OK  [0m] Started Nameserver information manager.
[   15.647951] systemd[1]: Started LVM2 metadata daemon.
[[0;32m  OK  [0m] Started LVM2 metadata daemon.
[   15.717078] systemd[1]: Started Journal Service.
[[0;32m  OK  [0m] Started Journal Service.
         Starting Flush Journal to Persistent Storage...
[[0;32m  OK  [0m] Started Load/Save Random Seed.
[[0;32m  OK  [0m] Started udev Coldplug all Devices.
[   15.988973] systemd-journald[381]: Received request to flush runtime journal from PID 1
[[0;32m  OK  [0m] Started Flush Journal to Persistent Storage.
[   16.172544] iscsi: registered transport (iser)
[[0;32m  OK  [0m] Started Load Kernel Modules.
         Starting Apply Kernel Variables...
         Mounting FUSE Control File System...
[[0;32m  OK  [0m] Mounted FUSE Control File System.
[[0;32m  OK  [0m] Started Monitoring of LVM2 mirrors,...ng dmeventd or progress polling.
[[0;32m  OK  [0m] Started Apply Kernel Variables.
[[0;32m  OK  [0m] Started Create Static Device Nodes in /dev.
         Starting udev Kernel Device Manager...
[[0;32m  OK  [0m] Started udev Kernel Device Manager.
[[0;32m  OK  [0m] Reached target Local File Systems (Pre).
[[0;32m  OK  [0m] Reached target Local File Systems.
         Starting Create Volatile Files and Directories...
         Starting Set console font and keymap...
         Starting Tell Plymouth To Write Out Runtime Data...
         Starting Commit a transient machine-id on disk...
         Starting LSB: AppArmor initialization...
[[0;32m  OK  [0m] Started Dispatch Password Requests to Console Directory Watch.
[[0;32m  OK  [0m] Started Commit a transient machine-id on disk.
[[0;32m  OK  [0m] Started Tell Plymouth To Write Out Runtime Data.
[[0;32m  OK  [0m] Found device /dev/ttyS0.
[[0;32m  OK  [0m] Started Create Volatile Files and Directories.
[[0;32m  OK  [0m] Reached target System Time Synchronized.
         Starting Update UTMP about System Boot/Shutdown...
[[0;32m  OK  [0m] Started Update UTMP about System Boot/Shutdown.
[[0;32m  OK  [0m] Started Set console font and keymap.
[[0;32m  OK  [0m] Created slice system-getty.slice.
[[0;32m  OK  [0m] Listening on Load/Save RF Kill Switch Status /dev/rfkill Watch.
[[0;32m  OK  [0m] Started LSB: AppArmor initialization.
[   24.710549] cloud-init[399]: Cloud-init v. 0.7.9 running 'init-local' at Fri, 15 Sep 2017 09:27:02 +0000. Up 24.07 seconds.
[[0;32m  OK  [0m] Started Initial cloud-init job (pre-networking).
[[0;32m  OK  [0m] Reached target Network (Pre).
         Starting Raise network interfaces...
[[0;32m  OK  [0m] Started Raise network interfaces.
[[0;32m  OK  [0m] Reached target Network.
         Starting Initial cloud-init job (metadata service crawler)...
[   28.350670] cloud-init[933]: Cloud-init v. 0.7.9 running 'init' at Fri, 15 Sep 2017 09:27:04 +0000. Up 25.91 seconds.
[   28.356564] cloud-init[933]: ci-info: +++++++++++++++++++++++++++++++++++++Net device info++++++++++++++++++++++++++++++++++++++
[   28.365932] cloud-init[933]: ci-info: +--------+-------+---------------------------+---------------+-------+-------------------+
[   28.370986] cloud-init[933]: ci-info: | Device |   Up  |          Address          |      Mask     | Scope |     Hw-Address    |
[   28.378434] cloud-init[933]: ci-info: +--------+-------+---------------------------+---------------+-------+-------------------+
[   28.384633] cloud-init[933]: ci-info: |   lo   |  True |         127.0.0.1         |   255.0.0.0   |   .   |         .         |
[   28.390243] cloud-init[933]: ci-info: |   lo   |  True |          ::1/128          |       .       |  host |         .         |
[   28.466755] cloud-init[933]: ci-info: | enp0s8 | False |             .             |       .       |   .   | 08:00:27:3c:42:80 |
[   28.467358] cloud-init[933]: ci-info: | enp0s3 |  True |         10.0.2.15         | 255.255.255.0 |   .   | 02:04:e4:df:e4:d8 |
[[0;32m  OK  [0m] Started Initial cloud-init job (metadata service crawler).
[   28.468214] cloud-init[933]: ci-info: | enp0s3 |  True | fe80::4:e4ff:fedf:e4d8/64 |       .       |  link | 02:04:e4:df:e4:d8 |
[   28.546794] cloud-init[933]: ci-info: +--------+-------+---------------------------+---------------+-------+-------------------+
[   28.547378] cloud-init[933]: ci-info: +++++++++++++++++++++++++++Route IPv4 info++++++++++++++++++++++++++++
[   28.547788] cloud-init[933]: ci-info: +-------+-------------+----------+---------------+-----------+-------+
[   28.548256] cloud-init[933]: ci-info: | Route | Destination | Gateway  |    Genmask    | Interface | Flags |
[   28.549162] cloud-init[933]: ci-info: +-------+-------------+----------+---------------+-----------+-------+
[   28.549322] cloud-init[933]: ci-info: |   0   |   0.0.0.0   | 10.0.2.2 |    0.0.0.0    |   enp0s3  |   UG  |
[   28.549863] cloud-init[933]: ci-info: |   1   |   10.0.2.0  | 0.0.0.0  | 255.255.255.0 |   enp0s3  |   U   |
[   28.550144] cloud-init[933]: ci-info: +-------+-------------+----------+---------------+-----------+-------+
[   28.550395] cloud-init[933]: Generating public/private rsa key pair.
[   28.551020] cloud-init[933]: Your identification has been saved in /etc/ssh/ssh_host_rsa_key.
[   28.551244] cloud-init[933]: Your public key has been saved in /etc/ssh/ssh_host_rsa_key.pub.
[   28.551482] cloud-init[933]: The key fingerprint is:
[   28.551741] cloud-init[933]: SHA256:IlCaZzW5s0hA5a1vTHup9rbUnVpiE4k0iwqnAJaQ1nE root@ubuntu-xenial
[   28.552162] cloud-init[933]: The key's randomart image is:
[   28.552318] cloud-init[933]: +---[RSA 2048]----+
[   28.552623] cloud-init[933]: |.ooo+Eo.         |
[   28.552946] cloud-init[933]: |o.o*.o..         |
[   28.553157] cloud-init[933]: |oo+.+ ..o        |
[   28.553461] cloud-init[933]: |o  +..oo + .     |
[   28.553762] cloud-init[933]: |. ..+.+oS o      |
[[0;32m  OK  [0m[   28.553974] ] cloud-initReached target Cloud-config availability.[933]: 
| . +.*.o o o .   |
[   28.554113] cloud-init[933]: |  . . = + = +    |
[   28.663696] cloud-init[933]: |     ..+.. =     |
[[0;32m  OK  [0m] Reached target Network is Online.
[   28.663850] cloud-init[933]: |     ..oo..      |
[   28.694572] cloud-init[933]: +----[SHA256]-----+
[   28.696872] cloud-init[933]: Generating public/private dsa key pair.
[   28.704583] cloud-init[933]: Your identification has been saved in /etc/ssh/ssh_host_dsa_key.
         Starting iSCSI initiator daemon (iscsid)...
[[0;32m  OK  [0m] Reached target System Initialization.
[   28.712332] cloud-init[933]: Your public key has been saved in /etc/ssh/ssh_host_dsa_key.pub.
[   28.716494] cloud-init[933]: The key fingerprint is:
[   28.716858] cloud-init[933]: SHA256:IJa9iITZKOoOzg0nFTCwAyoR2oGgEHneJkdnZToZnW8 root@ubuntu-xenial
[   28.717435] cloud-init[933]: The key's randomart image is:
[   28.717741] cloud-init[933]: +---[DSA 1024]----+
[   28.718331] cloud-init[933]: |@B.   .oo.       |
[   28.718579] cloud-init[933]: |OO+..oo=o        |
[   28.719272] cloud-init[933]: |%o+++o*  .       |
[   28.719526] cloud-init[933]: |+ooo=o +  E      |
[   28.720455] cloud-init[933]: |. .=. . S.       |
[   28.720715] cloud-init[933]: |. .              |
[   28.720981] cloud-init[933]: |.+ .             |
[   28.721558] cloud-init[933]: |= =              |
[   28.722129] cloud-init[933]: | + .             |
[   28.722412] cloud-init[933]: +----[SHA256]-----+
[   28.722691] cloud-init[933]: Generating public/private ecdsa key pair.
[   28.722946] cloud-init[933]: Your identification has been saved in /etc/ssh/ssh_host_ecdsa_key.
[[0;32m  OK  [0m] Listening on ACPID Listen Socket.
[   28.723270] cloud-init[933]: Your public key has been saved in /etc/ssh/ssh_host_ecdsa_key.pub.
[   28.806531] cloud-init[933]: The key fingerprint is:
[   28.807125] cloud-init[933]: SHA256:M2OmdKYK3IEN4ZldFjrEu2CBL4M1+RwgRJuEAQEreOk root@ubuntu-xenial
[   28.807408] cloud-init[933]: The key's randomart image is:
[   28.807678] cloud-init[933]: +---[ECDSA 256]---+
[   28.809177] cloud-init[933]: |%Bo+. +.         |
[   28.809472] cloud-init[933]: |=+BBo+           |
[   28.809696] cloud-init[933]: |==B=+o           |
[   28.809983] cloud-init[933]: |=o+++.           |
[   28.810227] cloud-init[933]: | +E.o.. S        |
[   28.810514] cloud-init[933]: | . ..o B +       |
[   28.810813] cloud-init[933]: |  o . o          |
[   28.811093] cloud-init[933]: |   . .           |
[   28.811345] cloud-init[933]: |    .            |
[   28.811718] cloud-init[933]: +----[SHA256]-----+
[   28.812113] cloud-init[933]: Generating public/private ed25519 key pair.
[   28.812984] cloud-init[933]: Your identification has been saved in /etc/ssh/ssh_host_ed25519_key.
[[0;32m  OK  [0m] [   28.813505] Started Timer to automatically refresh installed snaps.cloud-init
[933]: Your public key has been saved in /etc/ssh/ssh_host_ed25519_key.pub.
[[   28.813624] cloud-init[933]: The key fingerprint is:
[   28.855422] cloud-init[933]: SHA256:VHNjg5w9CLUwIUOvDGKxUyCcKJjg3yE8dsYxLlB1+dY root@ubuntu-xenial
[   28.855972] cloud-init[933]: The key's randomart image is:
[   28.857298] cloud-init[933]: +--[ED25519 256]--+
[   28.857846] cloud-init[933]: |Bo=oo=+.*=+==    |
[   28.858137] cloud-init[933]: |*+o+o += +==oo   |
[   28.859624] cloud-init[933]: |..=*.*  + o  .   |
[   28.860878] cloud-init[933]: | .ooBo.o o E     |
[   28.861063] cloud-init[933]: |   . .o S        |
[   28.861435] cloud-init[933]: |                 |
[   28.861990] cloud-init[933]: |                 |
[   28.862531] cloud-init[933]: |                 |
[   28.863272] cloud-init[933]: |                 |
[   28.863699] cloud-init[933]: +----[SHA256]-----+
[0;32m  OK  [0m] Listening on D-Bus System Message Bus Socket.
[[0;32m  OK  [0m] Started Daily Cleanup of Temporary Directories.
[[0;32m  OK  [0m] Listening on UUID daemon activation socket.
         Starting Socket activation for snappy daemon.
[[0;32m  OK  [0m] Started Daily apt download activities.
[[0;32m  OK  [0m] Started Daily apt upgrade and clean activities.
[[0;32m  OK  [0m] Reached target Timers.
[[0;32m  OK  [0m] Started ACPI Events Check.
[[0;32m  OK  [0m] Reached target Paths.
         Starting LXD - unix socket.
[[0;32m  OK  [0m] Listening on Socket activation for snappy daemon.
[[0;32m  OK  [0m] Listening on LXD - unix socket.
[[0;32m  OK  [0m] Reached target Sockets.
[[0;32m  OK  [0m] Reached target Basic System.
         Starting LSB: MD monitoring daemon...
         Starting Accounts Service...
[[0;32m  OK  [0m] Started Regular background program processing daemon.
         Starting Login Service...
         Starting Pollinate to seed the pseudo random number generator...
[[0;32m  OK  [0m] Started ACPI event daemon.
         Starting Apply the settings specified in cloud-config...
         Starting System Logging Service...
[[0;32m  OK  [0m] Started D-Bus System Message Bus.
[[0;32m  OK  [0m] Started Snappy daemon.
[[0;32m  OK  [0m] Started Deferred execution scheduler.
         Starting /etc/rc.local Compatibility...
[[0;32m  OK  [0m] Started Unattended Upgrades Shutdown.
         Starting LSB: Record successful boot for GRUB...
         Starting LXD - container startup/shutdown...
[[0;32m  OK  [0m] Started FUSE filesystem for LXC.
         Starting Auto import assertions from block devices...
[[0;32m  OK  [0m] Started System Logging Service.
[[0;32m  OK  [0m] Started iSCSI initiator daemon (iscsid).
[[0;32m  OK  [0m] Started /etc/rc.local Compatibility.
[[0;32m  OK  [0m] Started Auto import assertions from block devices.
         Starting Login to default iSCSI targets...
[[0;32m  OK  [0m] Started Login Service.
[   31.066666] cloud-init[1052]: Generating locales (this might take a while)...
[[0;32m  OK  [0m] Started LSB: Record successful boot for GRUB.
         Starting Authenticate and Authorize Users to Run Privileged Tasks...
[[0;32m  OK  [0m] Started Login to default iSCSI targets.
[[0;32m  OK  [0m] Reached target Remote File Systems (Pre).
[[0;32m  OK  [0m] Reached target Remote File Systems.
         Starting LSB: daemon to balance interrupts for SMP systems...
         Starting Permit User Sessions...
         Starting LSB: VirtualBox Linux Additions...
         Starting LSB: Set the CPU Frequency Scaling governor to "ondemand"...
         Starting LSB: automatic crash report generation...
[[0;32m  OK  [0m] Started LSB: Set the CPU Frequency Scaling governor to "ondemand".
[[0;32m  OK  [0m] Started Permit User Sessions.
         Starting Terminate Plymouth Boot Screen...
         Starting Hold until boot process finishes up...
[[0;32m  OK  [0m] Started Terminate Plymouth Boot Screen.
[[0;32m  OK  [0m] Started Hold until boot process finishes up.
[[0;32m  OK  [0m] Started Serial Getty on ttyS0.
[[0;32m  OK  [0m] Started Getty on tty1.
[[0;32m  OK  [0m] Reached target Login Prompts.
         Starting Set console scheme...
[[0;32m  OK  [0m] Started LSB: daemon to balance interrupts for SMP systems.
[[0;32m  OK  [0m] Started Set console scheme.
[[0;32m  OK  [0m] Started LSB: MD monitoring daemon.
[[0;32m  OK  [0m] Started LSB: automatic crash report generation.
[[0;32m  OK  [0m] Started Authenticate and Authorize Users to Run Privileged Tasks.
[[0;32m  OK  [0m] Started Accounts Service.
[[0;32m  OK  [0m] Started LSB: VirtualBox Linux Additions.
[   34.121027] cloud-init[1052]:   en_US.UTF-8... done
[   34.168644] cloud-init[1052]: Generation complete.
[[0;32m  OK  [0m] Started LXD - container startup/shutdown.
[[0;32m  OK  [0m] Started Pollinate to seed the pseudo random number generator.
         Starting OpenBSD Secure Shell server...
[[0;32m  OK  [0m] Started OpenBSD Secure Shell server.
[[0;32m  OK  [0m] Reached target Multi-User System.
[[0;32m  OK  [0m] Reached target Graphical Interface.
         Starting Update UTMP about System Runlevel Changes...
[[0;32m  OK  [0m] Started Update UTMP about System Runlevel Changes.
         Stopping OpenBSD Secure Shell server...
[[0;32m  OK  [0m] Stopped OpenBSD Secure Shell server.
         Starting OpenBSD Secure Shell server...
[[0;32m  OK  [0m] Started OpenBSD Secure Shell server.

Ubuntu 16.04.3 LTS ubuntu-xenial ttyS0

ubuntu-xenial login: [   38.538703] cloud-init[1052]: Cloud-init v. 0.7.9 running 'modules:config' at Fri, 15 Sep 2017 09:27:08 +0000. Up 29.91 seconds.
ci-info: no authorized ssh keys fingerprints found for user ubuntu.
<14>Sep 15 09:27:17 ec2: 
<14>Sep 15 09:27:17 ec2: #############################################################
<14>Sep 15 09:27:17 ec2: -----BEGIN SSH HOST KEY FINGERPRINTS-----
<14>Sep 15 09:27:17 ec2: 1024 SHA256:IJa9iITZKOoOzg0nFTCwAyoR2oGgEHneJkdnZToZnW8 root@ubuntu-xenial (DSA)
<14>Sep 15 09:27:17 ec2: 256 SHA256:M2OmdKYK3IEN4ZldFjrEu2CBL4M1+RwgRJuEAQEreOk root@ubuntu-xenial (ECDSA)
<14>Sep 15 09:27:17 ec2: 256 SHA256:VHNjg5w9CLUwIUOvDGKxUyCcKJjg3yE8dsYxLlB1+dY root@ubuntu-xenial (ED25519)
<14>Sep 15 09:27:17 ec2: 2048 SHA256:IlCaZzW5s0hA5a1vTHup9rbUnVpiE4k0iwqnAJaQ1nE root@ubuntu-xenial (RSA)
<14>Sep 15 09:27:17 ec2: -----END SSH HOST KEY FINGERPRINTS-----
<14>Sep 15 09:27:17 ec2: #############################################################
-----BEGIN SSH HOST KEY KEYS-----
ecdsa-sha2-nistp256 AAAAE2VjZHNhLXNoYTItbmlzdHAyNTYAAAAIbmlzdHAyNTYAAABBBAyS329yRZnW++Eep+rpHZJ55oZcKdK5YF3bUQ8/HxE8/c13LIhfl4Zua06mTuZO9sQt/9ZIfgSVcLDqoSPas3c= root@ubuntu-xenial
ssh-ed25519 AAAAC3NzaC1lZDI1NTE5AAAAIA8DP5gWqrOiM1M0VXNlPL5rvRwlQSmoWu+FfKXuSc0W root@ubuntu-xenial
ssh-rsa AAAAB3NzaC1yc2EAAAADAQABAAABAQDj2l6bHN/UC2d/IcA6ubfrxW8nuePuZyAeD7KtsJsXxpzZOXD/ihqZmTTtRTtnlMwRENOQ+rSlFgWTiS7JJ5nyF6K8RuGg/FGBzZODdYWPjfVaywmIm6MhxcUuhHQ9eQ+kZbN2UclH4bskh/w1ypBPADtll1sRcHfvxsU31bqVlN1JChXkXtu1CBrmQJ4OJvRnKRPAeug598GI9seju6xxAfMVU30GAWD0xvl8cuWn3FdW1fyiDLDNsgtBJLfb9Y07BqaPtqWcpcsaJtYp9qK0v9kigAWR7jaje3UBC0p/E0TkutwMTQX3oWeK50m9DpnPpKEDGyW/+2on8TUExqT3 root@ubuntu-xenial
-----END SSH HOST KEY KEYS-----
[   39.471804] cloud-init[1310]: Cloud-init v. 0.7.9 running 'modules:final' at Fri, 15 Sep 2017 09:27:17 +0000. Up 39.16 seconds.
[   39.472446] cloud-init[1310]: ci-info: no authorized ssh keys fingerprints found for user ubuntu.
[   39.472861] cloud-init[1310]: Cloud-init v. 0.7.9 finished at Fri, 15 Sep 2017 09:27:17 +0000. Datasource DataSourceNoCloud [seed=/dev/sdb][dsmode=net].  Up 39.45 seconds
